<?xml version="1.0" encoding="UTF-8"?>
<coverage generated="1752616453528" clover="3.2.0">
  <project timestamp="1752616453529" name="All files">
    <metrics statements="1504" coveredstatements="1504" conditionals="188" coveredconditionals="188" methods="37" coveredmethods="37" elements="1729" coveredelements="1729" complexity="0" loc="1504" ncloc="1504" packages="2" files="21" classes="21"/>
    <package name="components">
      <metrics statements="1188" coveredstatements="1188" conditionals="169" coveredconditionals="169" methods="35" coveredmethods="35"/>
      <file name="AccordionItem.tsx" path="C:\Users\ACER\Desktop\jaspay\src\components\AccordionItem.tsx">
        <metrics statements="87" coveredstatements="87" conditionals="25" coveredconditionals="25" methods="2" coveredmethods="2"/>
        <line num="1" count="1" type="stmt"/>
        <line num="2" count="1" type="stmt"/>
        <line num="13" count="1" type="cond" truecount="1" falsecount="0"/>
        <line num="14" count="13" type="stmt"/>
        <line num="15" count="13" type="stmt"/>
        <line num="16" count="13" type="stmt"/>
        <line num="17" count="13" type="stmt"/>
        <line num="18" count="13" type="stmt"/>
        <line num="19" count="13" type="stmt"/>
        <line num="20" count="13" type="stmt"/>
        <line num="21" count="13" type="stmt"/>
        <line num="22" count="13" type="stmt"/>
        <line num="24" count="13" type="stmt"/>
        <line num="26" count="13" type="cond" truecount="1" falsecount="0"/>
        <line num="27" count="8" type="stmt"/>
        <line num="28" count="13" type="stmt"/>
        <line num="30" count="13" type="cond" truecount="1" falsecount="0"/>
        <line num="31" count="3" type="cond" truecount="1" falsecount="0"/>
        <line num="32" count="2" type="stmt"/>
        <line num="33" count="2" type="stmt"/>
        <line num="34" count="3" type="stmt"/>
        <line num="36" count="13" type="stmt"/>
        <line num="37" count="13" type="cond" truecount="2" falsecount="0"/>
        <line num="38" count="1" type="cond" truecount="1" falsecount="0"/>
        <line num="39" count="12" type="stmt"/>
        <line num="40" count="13" type="stmt"/>
        <line num="41" count="13" type="cond" truecount="2" falsecount="0"/>
        <line num="42" count="1" type="cond" truecount="1" falsecount="0"/>
        <line num="43" count="12" type="stmt"/>
        <line num="44" count="13" type="cond" truecount="1" falsecount="0"/>
        <line num="45" count="9" type="cond" truecount="1" falsecount="0"/>
        <line num="46" count="4" type="cond" truecount="1" falsecount="0"/>
        <line num="47" count="1" type="cond" truecount="1" falsecount="0"/>
        <line num="48" count="3" type="cond" truecount="1" falsecount="0"/>
        <line num="49" count="5" type="cond" truecount="1" falsecount="0"/>
        <line num="50" count="2" type="cond" truecount="1" falsecount="0"/>
        <line num="51" count="3" type="cond" truecount="1" falsecount="0"/>
        <line num="52" count="4" type="stmt"/>
        <line num="53" count="13" type="cond" truecount="2" falsecount="0"/>
        <line num="55" count="13" type="stmt"/>
        <line num="56" count="13" type="stmt"/>
        <line num="57" count="13" type="stmt"/>
        <line num="58" count="13" type="stmt"/>
        <line num="59" count="13" type="stmt"/>
        <line num="60" count="13" type="stmt"/>
        <line num="62" count="13" type="stmt"/>
        <line num="63" count="13" type="stmt"/>
        <line num="64" count="13" type="stmt"/>
        <line num="65" count="13" type="cond" truecount="1" falsecount="0"/>
        <line num="66" count="9" type="stmt"/>
        <line num="67" count="9" type="stmt"/>
        <line num="68" count="9" type="stmt"/>
        <line num="69" count="9" type="stmt"/>
        <line num="70" count="9" type="stmt"/>
        <line num="72" count="13" type="stmt"/>
        <line num="73" count="13" type="stmt"/>
        <line num="74" count="13" type="stmt"/>
        <line num="75" count="13" type="stmt"/>
        <line num="76" count="13" type="stmt"/>
        <line num="77" count="13" type="stmt"/>
        <line num="78" count="13" type="stmt"/>
        <line num="79" count="13" type="stmt"/>
        <line num="80" count="13" type="stmt"/>
        <line num="81" count="13" type="stmt"/>
        <line num="82" count="13" type="cond" truecount="1" falsecount="0"/>
        <line num="83" count="9" type="stmt"/>
        <line num="84" count="9" type="stmt"/>
        <line num="85" count="9" type="cond" truecount="2" falsecount="0"/>
        <line num="86" count="9" type="stmt"/>
        <line num="88" count="9" type="cond" truecount="1" falsecount="0"/>
        <line num="89" count="15" type="stmt"/>
        <line num="90" count="15" type="stmt"/>
        <line num="91" count="15" type="stmt"/>
        <line num="92" count="15" type="stmt"/>
        <line num="93" count="15" type="stmt"/>
        <line num="94" count="15" type="stmt"/>
        <line num="95" count="15" type="stmt"/>
        <line num="96" count="15" type="stmt"/>
        <line num="97" count="15" type="stmt"/>
        <line num="98" count="15" type="stmt"/>
        <line num="99" count="15" type="stmt"/>
        <line num="100" count="15" type="stmt"/>
        <line num="101" count="9" type="stmt"/>
        <line num="102" count="9" type="stmt"/>
        <line num="104" count="13" type="stmt"/>
        <line num="106" count="13" type="stmt"/>
        <line num="108" count="1" type="stmt"/>
      </file>
      <file name="ActivityCard.tsx" path="C:\Users\ACER\Desktop\jaspay\src\components\ActivityCard.tsx">
        <metrics statements="25" coveredstatements="25" conditionals="2" coveredconditionals="2" methods="1" coveredmethods="1"/>
        <line num="8" count="1" type="cond" truecount="1" falsecount="0"/>
        <line num="9" count="3" type="stmt"/>
        <line num="10" count="3" type="stmt"/>
        <line num="11" count="3" type="stmt"/>
        <line num="12" count="3" type="stmt"/>
        <line num="13" count="3" type="stmt"/>
        <line num="14" count="3" type="stmt"/>
        <line num="15" count="3" type="stmt"/>
        <line num="16" count="3" type="stmt"/>
        <line num="17" count="3" type="cond" truecount="1" falsecount="0"/>
        <line num="18" count="2" type="stmt"/>
        <line num="20" count="3" type="stmt"/>
        <line num="21" count="3" type="stmt"/>
        <line num="22" count="3" type="stmt"/>
        <line num="23" count="3" type="stmt"/>
        <line num="24" count="3" type="stmt"/>
        <line num="25" count="3" type="stmt"/>
        <line num="26" count="3" type="stmt"/>
        <line num="27" count="3" type="stmt"/>
        <line num="28" count="3" type="stmt"/>
        <line num="29" count="3" type="stmt"/>
        <line num="30" count="3" type="stmt"/>
        <line num="31" count="3" type="stmt"/>
        <line num="33" count="3" type="stmt"/>
        <line num="35" count="1" type="stmt"/>
      </file>
      <file name="Checkbox.tsx" path="C:\Users\ACER\Desktop\jaspay\src\components\Checkbox.tsx">
        <metrics statements="35" coveredstatements="35" conditionals="8" coveredconditionals="8" methods="2" coveredmethods="2"/>
        <line num="1" count="1" type="stmt"/>
        <line num="2" count="1" type="stmt"/>
        <line num="9" count="1" type="cond" truecount="1" falsecount="0"/>
        <line num="10" count="18" type="stmt"/>
        <line num="11" count="18" type="stmt"/>
        <line num="13" count="18" type="stmt"/>
        <line num="14" count="18" type="cond" truecount="2" falsecount="0"/>
        <line num="16" count="18" type="cond" truecount="1" falsecount="0"/>
        <line num="17" count="5" type="cond" truecount="1" falsecount="0"/>
        <line num="18" count="4" type="stmt"/>
        <line num="19" count="4" type="stmt"/>
        <line num="20" count="5" type="cond" truecount="1" falsecount="0"/>
        <line num="21" count="5" type="stmt"/>
        <line num="23" count="18" type="stmt"/>
        <line num="24" count="18" type="stmt"/>
        <line num="25" count="18" type="stmt"/>
        <line num="26" count="18" type="stmt"/>
        <line num="27" count="18" type="stmt"/>
        <line num="28" count="18" type="stmt"/>
        <line num="29" count="18" type="stmt"/>
        <line num="30" count="18" type="stmt"/>
        <line num="31" count="18" type="stmt"/>
        <line num="32" count="18" type="stmt"/>
        <line num="33" count="18" type="stmt"/>
        <line num="34" count="18" type="stmt"/>
        <line num="35" count="18" type="stmt"/>
        <line num="36" count="18" type="cond" truecount="2" falsecount="0"/>
        <line num="37" count="18" type="stmt"/>
        <line num="38" count="18" type="stmt"/>
        <line num="39" count="18" type="stmt"/>
        <line num="41" count="18" type="stmt"/>
        <line num="42" count="18" type="stmt"/>
        <line num="43" count="18" type="stmt"/>
        <line num="45" count="18" type="stmt"/>
        <line num="47" count="1" type="stmt"/>
      </file>
      <file name="ContactCard.tsx" path="C:\Users\ACER\Desktop\jaspay\src\components\ContactCard.tsx">
        <metrics statements="14" coveredstatements="14" conditionals="1" coveredconditionals="1" methods="1" coveredmethods="1"/>
        <line num="6" count="1" type="cond" truecount="1" falsecount="0"/>
        <line num="7" count="1" type="stmt"/>
        <line num="8" count="1" type="stmt"/>
        <line num="9" count="1" type="stmt"/>
        <line num="10" count="1" type="stmt"/>
        <line num="11" count="1" type="stmt"/>
        <line num="12" count="1" type="stmt"/>
        <line num="13" count="1" type="stmt"/>
        <line num="14" count="1" type="stmt"/>
        <line num="15" count="1" type="stmt"/>
        <line num="16" count="1" type="stmt"/>
        <line num="17" count="1" type="stmt"/>
        <line num="19" count="1" type="stmt"/>
        <line num="21" count="1" type="stmt"/>
      </file>
      <file name="CountryProgressBar.tsx" path="C:\Users\ACER\Desktop\jaspay\src\components\CountryProgressBar.tsx">
        <metrics statements="16" coveredstatements="16" conditionals="1" coveredconditionals="1" methods="1" coveredmethods="1"/>
        <line num="6" count="1" type="cond" truecount="1" falsecount="0"/>
        <line num="7" count="9" type="stmt"/>
        <line num="8" count="9" type="stmt"/>
        <line num="9" count="9" type="stmt"/>
        <line num="10" count="9" type="stmt"/>
        <line num="11" count="9" type="stmt"/>
        <line num="12" count="9" type="stmt"/>
        <line num="13" count="9" type="stmt"/>
        <line num="14" count="9" type="stmt"/>
        <line num="15" count="9" type="stmt"/>
        <line num="16" count="9" type="stmt"/>
        <line num="17" count="9" type="stmt"/>
        <line num="18" count="9" type="stmt"/>
        <line num="19" count="9" type="stmt"/>
        <line num="21" count="9" type="stmt"/>
        <line num="23" count="1" type="stmt"/>
      </file>
      <file name="CustomPieChart.tsx" path="C:\Users\ACER\Desktop\jaspay\src\components\CustomPieChart.tsx">
        <metrics statements="69" coveredstatements="69" conditionals="8" coveredconditionals="8" methods="2" coveredmethods="2"/>
        <line num="1" count="1" type="stmt"/>
        <line num="8" count="1" type="stmt"/>
        <line num="9" count="1" type="stmt"/>
        <line num="10" count="1" type="stmt"/>
        <line num="11" count="1" type="stmt"/>
        <line num="12" count="1" type="stmt"/>
        <line num="13" count="1" type="stmt"/>
        <line num="14" count="1" type="stmt"/>
        <line num="15" count="1" type="stmt"/>
        <line num="16" count="1" type="stmt"/>
        <line num="17" count="1" type="stmt"/>
        <line num="18" count="1" type="stmt"/>
        <line num="19" count="1" type="stmt"/>
        <line num="27" count="1" type="cond" truecount="1" falsecount="0"/>
        <line num="28" count="8" type="stmt"/>
        <line num="29" count="8" type="stmt"/>
        <line num="30" count="8" type="stmt"/>
        <line num="31" count="8" type="stmt"/>
        <line num="32" count="8" type="cond" truecount="4" falsecount="0"/>
        <line num="33" count="1" type="stmt"/>
        <line num="34" count="1" type="stmt"/>
        <line num="35" count="1" type="stmt"/>
        <line num="36" count="1" type="stmt"/>
        <line num="37" count="1" type="stmt"/>
        <line num="38" count="1" type="stmt"/>
        <line num="39" count="1" type="stmt"/>
        <line num="40" count="1" type="stmt"/>
        <line num="41" count="1" type="stmt"/>
        <line num="42" count="1" type="stmt"/>
        <line num="43" count="1" type="stmt"/>
        <line num="44" count="1" type="stmt"/>
        <line num="46" count="1" type="stmt"/>
        <line num="47" count="1" type="stmt"/>
        <line num="49" count="1" type="cond" truecount="1" falsecount="0"/>
        <line num="50" count="7" type="stmt"/>
        <line num="51" count="7" type="stmt"/>
        <line num="53" count="1" type="cond" truecount="1" falsecount="0"/>
        <line num="54" count="3" type="stmt"/>
        <line num="55" count="3" type="stmt"/>
        <line num="56" count="3" type="stmt"/>
        <line num="57" count="3" type="stmt"/>
        <line num="58" count="3" type="stmt"/>
        <line num="59" count="3" type="stmt"/>
        <line num="60" count="3" type="stmt"/>
        <line num="61" count="3" type="stmt"/>
        <line num="62" count="3" type="stmt"/>
        <line num="63" count="3" type="stmt"/>
        <line num="65" count="3" type="stmt"/>
        <line num="66" count="3" type="stmt"/>
        <line num="67" count="3" type="stmt"/>
        <line num="68" count="3" type="stmt"/>
        <line num="69" count="3" type="stmt"/>
        <line num="70" count="3" type="stmt"/>
        <line num="71" count="3" type="stmt"/>
        <line num="72" count="3" type="stmt"/>
        <line num="74" count="3" type="cond" truecount="1" falsecount="0"/>
        <line num="75" count="12" type="stmt"/>
        <line num="76" count="12" type="stmt"/>
        <line num="77" count="12" type="stmt"/>
        <line num="78" count="12" type="stmt"/>
        <line num="79" count="12" type="stmt"/>
        <line num="80" count="3" type="stmt"/>
        <line num="81" count="3" type="stmt"/>
        <line num="82" count="3" type="stmt"/>
        <line num="83" count="3" type="stmt"/>
        <line num="84" count="3" type="stmt"/>
        <line num="85" count="3" type="stmt"/>
        <line num="87" count="3" type="stmt"/>
        <line num="89" count="1" type="stmt"/>
      </file>
      <file name="Header.tsx" path="C:\Users\ACER\Desktop\jaspay\src\components\Header.tsx">
        <metrics statements="142" coveredstatements="142" conditionals="17" coveredconditionals="17" methods="1" coveredmethods="1"/>
        <line num="1" count="1" type="stmt"/>
        <line num="2" count="1" type="stmt"/>
        <line num="4" count="1" type="cond" truecount="1" falsecount="0"/>
        <line num="5" count="5" type="stmt"/>
        <line num="6" count="5" type="stmt"/>
        <line num="7" count="5" type="stmt"/>
        <line num="8" count="5" type="stmt"/>
        <line num="9" count="5" type="stmt"/>
        <line num="10" count="5" type="stmt"/>
        <line num="11" count="5" type="stmt"/>
        <line num="12" count="5" type="stmt"/>
        <line num="13" count="5" type="stmt"/>
        <line num="14" count="5" type="stmt"/>
        <line num="16" count="5" type="cond" truecount="1" falsecount="0"/>
        <line num="17" count="4" type="stmt"/>
        <line num="18" count="4" type="stmt"/>
        <line num="19" count="4" type="stmt"/>
        <line num="20" count="4" type="stmt"/>
        <line num="21" count="4" type="cond" truecount="1" falsecount="0"/>
        <line num="23" count="1" type="stmt"/>
        <line num="24" count="1" type="stmt"/>
        <line num="25" count="1" type="stmt"/>
        <line num="26" count="1" type="stmt"/>
        <line num="27" count="1" type="stmt"/>
        <line num="29" count="5" type="stmt"/>
        <line num="30" count="5" type="stmt"/>
        <line num="31" count="5" type="stmt"/>
        <line num="33" count="5" type="cond" truecount="1" falsecount="0"/>
        <line num="34" count="4" type="stmt"/>
        <line num="35" count="4" type="stmt"/>
        <line num="36" count="4" type="stmt"/>
        <line num="37" count="4" type="stmt"/>
        <line num="38" count="4" type="cond" truecount="1" falsecount="0"/>
        <line num="40" count="1" type="stmt"/>
        <line num="41" count="1" type="stmt"/>
        <line num="42" count="1" type="stmt"/>
        <line num="43" count="1" type="stmt"/>
        <line num="44" count="1" type="stmt"/>
        <line num="46" count="5" type="stmt"/>
        <line num="47" count="5" type="stmt"/>
        <line num="48" count="5" type="stmt"/>
        <line num="49" count="5" type="stmt"/>
        <line num="51" count="5" type="stmt"/>
        <line num="52" count="5" type="stmt"/>
        <line num="54" count="5" type="stmt"/>
        <line num="55" count="5" type="stmt"/>
        <line num="57" count="5" type="stmt"/>
        <line num="58" count="5" type="stmt"/>
        <line num="59" count="5" type="stmt"/>
        <line num="60" count="5" type="stmt"/>
        <line num="61" count="5" type="stmt"/>
        <line num="62" count="5" type="stmt"/>
        <line num="63" count="5" type="stmt"/>
        <line num="64" count="5" type="cond" truecount="1" falsecount="0"/>
        <line num="65" count="4" type="stmt"/>
        <line num="66" count="4" type="stmt"/>
        <line num="67" count="4" type="stmt"/>
        <line num="68" count="4" type="stmt"/>
        <line num="69" count="4" type="cond" truecount="1" falsecount="0"/>
        <line num="71" count="1" type="stmt"/>
        <line num="72" count="1" type="stmt"/>
        <line num="73" count="1" type="stmt"/>
        <line num="74" count="1" type="stmt"/>
        <line num="75" count="1" type="stmt"/>
        <line num="77" count="5" type="stmt"/>
        <line num="78" count="5" type="stmt"/>
        <line num="79" count="5" type="stmt"/>
        <line num="80" count="5" type="stmt"/>
        <line num="81" count="5" type="cond" truecount="1" falsecount="0"/>
        <line num="82" count="4" type="stmt"/>
        <line num="83" count="4" type="stmt"/>
        <line num="84" count="4" type="stmt"/>
        <line num="85" count="4" type="stmt"/>
        <line num="86" count="4" type="cond" truecount="1" falsecount="0"/>
        <line num="88" count="1" type="stmt"/>
        <line num="90" count="1" type="stmt"/>
        <line num="92" count="5" type="stmt"/>
        <line num="93" count="5" type="stmt"/>
        <line num="94" count="5" type="stmt"/>
        <line num="95" count="5" type="stmt"/>
        <line num="96" count="5" type="stmt"/>
        <line num="97" count="5" type="stmt"/>
        <line num="99" count="5" type="cond" truecount="1" falsecount="0"/>
        <line num="100" count="4" type="stmt"/>
        <line num="101" count="4" type="stmt"/>
        <line num="102" count="4" type="stmt"/>
        <line num="103" count="4" type="stmt"/>
        <line num="104" count="4" type="cond" truecount="1" falsecount="0"/>
        <line num="106" count="1" type="stmt"/>
        <line num="107" count="1" type="stmt"/>
        <line num="108" count="1" type="stmt"/>
        <line num="109" count="1" type="stmt"/>
        <line num="110" count="1" type="stmt"/>
        <line num="112" count="5" type="stmt"/>
        <line num="113" count="5" type="stmt"/>
        <line num="114" count="5" type="cond" truecount="1" falsecount="0"/>
        <line num="115" count="4" type="stmt"/>
        <line num="116" count="4" type="stmt"/>
        <line num="117" count="4" type="stmt"/>
        <line num="118" count="4" type="stmt"/>
        <line num="119" count="4" type="cond" truecount="1" falsecount="0"/>
        <line num="121" count="1" type="stmt"/>
        <line num="122" count="1" type="stmt"/>
        <line num="123" count="1" type="stmt"/>
        <line num="124" count="1" type="stmt"/>
        <line num="125" count="1" type="stmt"/>
        <line num="127" count="5" type="stmt"/>
        <line num="128" count="5" type="stmt"/>
        <line num="129" count="5" type="cond" truecount="1" falsecount="0"/>
        <line num="130" count="4" type="stmt"/>
        <line num="131" count="4" type="stmt"/>
        <line num="132" count="4" type="stmt"/>
        <line num="133" count="4" type="stmt"/>
        <line num="134" count="4" type="cond" truecount="1" falsecount="0"/>
        <line num="136" count="1" type="stmt"/>
        <line num="137" count="1" type="stmt"/>
        <line num="138" count="1" type="stmt"/>
        <line num="139" count="1" type="stmt"/>
        <line num="140" count="1" type="stmt"/>
        <line num="142" count="5" type="stmt"/>
        <line num="143" count="5" type="stmt"/>
        <line num="144" count="5" type="stmt"/>
        <line num="145" count="5" type="stmt"/>
        <line num="147" count="5" type="cond" truecount="1" falsecount="0"/>
        <line num="148" count="4" type="stmt"/>
        <line num="149" count="4" type="stmt"/>
        <line num="150" count="4" type="stmt"/>
        <line num="151" count="4" type="stmt"/>
        <line num="152" count="4" type="cond" truecount="1" falsecount="0"/>
        <line num="154" count="1" type="stmt"/>
        <line num="155" count="1" type="stmt"/>
        <line num="156" count="1" type="stmt"/>
        <line num="157" count="1" type="stmt"/>
        <line num="158" count="1" type="stmt"/>
        <line num="160" count="5" type="stmt"/>
        <line num="161" count="5" type="stmt"/>
        <line num="162" count="5" type="stmt"/>
        <line num="163" count="5" type="stmt"/>
        <line num="164" count="5" type="stmt"/>
        <line num="165" count="5" type="stmt"/>
        <line num="167" count="5" type="stmt"/>
        <line num="169" count="1" type="stmt"/>
      </file>
      <file name="Layout.tsx" path="C:\Users\ACER\Desktop\jaspay\src\components\Layout.tsx">
        <metrics statements="52" coveredstatements="52" conditionals="15" coveredconditionals="15" methods="1" coveredmethods="1"/>
        <line num="1" count="1" type="stmt"/>
        <line num="2" count="1" type="stmt"/>
        <line num="3" count="1" type="stmt"/>
        <line num="4" count="1" type="stmt"/>
        <line num="5" count="1" type="stmt"/>
        <line num="6" count="1" type="stmt"/>
        <line num="8" count="1" type="cond" truecount="1" falsecount="0"/>
        <line num="9" count="4" type="stmt"/>
        <line num="11" count="4" type="stmt"/>
        <line num="12" count="4" type="stmt"/>
        <line num="13" count="4" type="stmt"/>
        <line num="14" count="4" type="stmt"/>
        <line num="15" count="4" type="stmt"/>
        <line num="16" count="4" type="cond" truecount="2" falsecount="0"/>
        <line num="17" count="4" type="stmt"/>
        <line num="19" count="4" type="stmt"/>
        <line num="20" count="4" type="stmt"/>
        <line num="21" count="4" type="cond" truecount="2" falsecount="0"/>
        <line num="22" count="4" type="stmt"/>
        <line num="24" count="4" type="stmt"/>
        <line num="25" count="4" type="stmt"/>
        <line num="26" count="4" type="stmt"/>
        <line num="27" count="4" type="stmt"/>
        <line num="28" count="4" type="stmt"/>
        <line num="29" count="4" type="cond" truecount="1" falsecount="0"/>
        <line num="30" count="2" type="cond" truecount="1" falsecount="0"/>
        <line num="31" count="1" type="cond" truecount="1" falsecount="0"/>
        <line num="32" count="1" type="cond" truecount="1" falsecount="0"/>
        <line num="33" count="2" type="cond" truecount="1" falsecount="0"/>
        <line num="34" count="1" type="cond" truecount="1" falsecount="0"/>
        <line num="35" count="1" type="stmt"/>
        <line num="36" count="4" type="stmt"/>
        <line num="38" count="4" type="stmt"/>
        <line num="39" count="4" type="stmt"/>
        <line num="40" count="4" type="stmt"/>
        <line num="41" count="4" type="stmt"/>
        <line num="42" count="4" type="stmt"/>
        <line num="43" count="4" type="stmt"/>
        <line num="44" count="4" type="stmt"/>
        <line num="45" count="4" type="cond" truecount="2" falsecount="0"/>
        <line num="46" count="4" type="stmt"/>
        <line num="48" count="4" type="stmt"/>
        <line num="49" count="4" type="stmt"/>
        <line num="50" count="4" type="cond" truecount="2" falsecount="0"/>
        <line num="51" count="4" type="stmt"/>
        <line num="53" count="4" type="stmt"/>
        <line num="54" count="4" type="stmt"/>
        <line num="55" count="4" type="stmt"/>
        <line num="56" count="4" type="stmt"/>
        <line num="57" count="4" type="stmt"/>
        <line num="59" count="4" type="stmt"/>
        <line num="61" count="1" type="stmt"/>
      </file>
      <file name="LineChartLegend.tsx" path="C:\Users\ACER\Desktop\jaspay\src\components\LineChartLegend.tsx">
        <metrics statements="18" coveredstatements="18" conditionals="1" coveredconditionals="1" methods="1" coveredmethods="1"/>
        <line num="6" count="1" type="cond" truecount="1" falsecount="0"/>
        <line num="7" count="5" type="stmt"/>
        <line num="8" count="5" type="stmt"/>
        <line num="9" count="5" type="stmt"/>
        <line num="10" count="5" type="stmt"/>
        <line num="11" count="5" type="stmt"/>
        <line num="12" count="5" type="stmt"/>
        <line num="13" count="5" type="stmt"/>
        <line num="14" count="5" type="stmt"/>
        <line num="15" count="5" type="stmt"/>
        <line num="16" count="5" type="stmt"/>
        <line num="17" count="5" type="stmt"/>
        <line num="18" count="5" type="stmt"/>
        <line num="19" count="5" type="stmt"/>
        <line num="20" count="5" type="stmt"/>
        <line num="21" count="5" type="stmt"/>
        <line num="22" count="5" type="stmt"/>
        <line num="24" count="5" type="stmt"/>
      </file>
      <file name="LinkChart.tsx" path="C:\Users\ACER\Desktop\jaspay\src\components\LinkChart.tsx">
        <metrics statements="145" coveredstatements="145" conditionals="24" coveredconditionals="24" methods="7" coveredmethods="7"/>
        <line num="1" count="1" type="stmt"/>
        <line num="10" count="1" type="stmt"/>
        <line num="24" count="1" type="stmt"/>
        <line num="25" count="1" type="stmt"/>
        <line num="26" count="1" type="stmt"/>
        <line num="27" count="1" type="stmt"/>
        <line num="28" count="1" type="stmt"/>
        <line num="29" count="1" type="stmt"/>
        <line num="30" count="1" type="stmt"/>
        <line num="31" count="1" type="stmt"/>
        <line num="33" count="1" type="cond" truecount="1" falsecount="0"/>
        <line num="34" count="6" type="stmt"/>
        <line num="35" count="6" type="stmt"/>
        <line num="36" count="6" type="stmt"/>
        <line num="37" count="6" type="stmt"/>
        <line num="38" count="6" type="stmt"/>
        <line num="44" count="6" type="stmt"/>
        <line num="45" count="6" type="stmt"/>
        <line num="46" count="6" type="stmt"/>
        <line num="47" count="6" type="stmt"/>
        <line num="48" count="6" type="stmt"/>
        <line num="49" count="6" type="stmt"/>
        <line num="50" count="6" type="stmt"/>
        <line num="51" count="6" type="cond" truecount="2" falsecount="0"/>
        <line num="54" count="6" type="stmt"/>
        <line num="55" count="6" type="stmt"/>
        <line num="58" count="1" type="cond" truecount="1" falsecount="0"/>
        <line num="59" count="6" type="stmt"/>
        <line num="60" count="6" type="stmt"/>
        <line num="61" count="6" type="stmt"/>
        <line num="62" count="6" type="stmt"/>
        <line num="63" count="6" type="stmt"/>
        <line num="69" count="6" type="stmt"/>
        <line num="70" count="6" type="stmt"/>
        <line num="71" count="6" type="stmt"/>
        <line num="72" count="6" type="stmt"/>
        <line num="73" count="6" type="stmt"/>
        <line num="74" count="6" type="stmt"/>
        <line num="75" count="6" type="stmt"/>
        <line num="76" count="6" type="cond" truecount="2" falsecount="0"/>
        <line num="79" count="6" type="cond" truecount="2" falsecount="0"/>
        <line num="80" count="6" type="stmt"/>
        <line num="83" count="1" type="cond" truecount="1" falsecount="0"/>
        <line num="84" count="8" type="stmt"/>
        <line num="85" count="8" type="stmt"/>
        <line num="86" count="8" type="stmt"/>
        <line num="87" count="8" type="stmt"/>
        <line num="88" count="8" type="stmt"/>
        <line num="89" count="8" type="cond" truecount="4" falsecount="0"/>
        <line num="90" count="5" type="stmt"/>
        <line num="91" count="5" type="stmt"/>
        <line num="92" count="5" type="stmt"/>
        <line num="93" count="5" type="stmt"/>
        <line num="94" count="5" type="stmt"/>
        <line num="95" count="5" type="stmt"/>
        <line num="96" count="5" type="stmt"/>
        <line num="97" count="5" type="stmt"/>
        <line num="98" count="5" type="stmt"/>
        <line num="99" count="5" type="stmt"/>
        <line num="100" count="5" type="stmt"/>
        <line num="101" count="5" type="cond" truecount="2" falsecount="0"/>
        <line num="102" count="5" type="stmt"/>
        <line num="103" count="5" type="stmt"/>
        <line num="104" count="5" type="stmt"/>
        <line num="106" count="5" type="stmt"/>
        <line num="107" count="5" type="stmt"/>
        <line num="108" count="5" type="stmt"/>
        <line num="109" count="5" type="stmt"/>
        <line num="110" count="5" type="stmt"/>
        <line num="111" count="5" type="stmt"/>
        <line num="112" count="5" type="stmt"/>
        <line num="113" count="5" type="stmt"/>
        <line num="114" count="5" type="stmt"/>
        <line num="115" count="5" type="stmt"/>
        <line num="117" count="5" type="cond" truecount="1" falsecount="0"/>
        <line num="118" count="3" type="stmt"/>
        <line num="119" count="3" type="stmt"/>
        <line num="121" count="1" type="cond" truecount="1" falsecount="0"/>
        <line num="122" count="7" type="stmt"/>
        <line num="123" count="7" type="stmt"/>
        <line num="124" count="7" type="stmt"/>
        <line num="125" count="7" type="stmt"/>
        <line num="126" count="7" type="stmt"/>
        <line num="127" count="7" type="stmt"/>
        <line num="128" count="7" type="stmt"/>
        <line num="129" count="7" type="stmt"/>
        <line num="130" count="7" type="stmt"/>
        <line num="131" count="7" type="cond" truecount="1" falsecount="0"/>
        <line num="132" count="3" type="cond" truecount="1" falsecount="0"/>
        <line num="133" count="4" type="stmt"/>
        <line num="135" count="7" type="stmt"/>
        <line num="136" count="7" type="stmt"/>
        <line num="137" count="7" type="stmt"/>
        <line num="138" count="7" type="stmt"/>
        <line num="139" count="7" type="cond" truecount="1" falsecount="0"/>
        <line num="140" count="4" type="stmt"/>
        <line num="142" count="7" type="stmt"/>
        <line num="143" count="7" type="stmt"/>
        <line num="144" count="7" type="stmt"/>
        <line num="145" count="7" type="stmt"/>
        <line num="146" count="7" type="stmt"/>
        <line num="147" count="7" type="cond" truecount="1" falsecount="0"/>
        <line num="148" count="3" type="cond" truecount="1" falsecount="0"/>
        <line num="149" count="4" type="stmt"/>
        <line num="151" count="7" type="cond" truecount="1" falsecount="0"/>
        <line num="152" count="7" type="stmt"/>
        <line num="153" count="7" type="stmt"/>
        <line num="154" count="7" type="stmt"/>
        <line num="155" count="7" type="stmt"/>
        <line num="156" count="7" type="stmt"/>
        <line num="157" count="7" type="stmt"/>
        <line num="158" count="7" type="stmt"/>
        <line num="159" count="7" type="cond" truecount="1" falsecount="0"/>
        <line num="160" count="7" type="stmt"/>
        <line num="162" count="7" type="stmt"/>
        <line num="163" count="7" type="stmt"/>
        <line num="164" count="7" type="stmt"/>
        <line num="165" count="7" type="stmt"/>
        <line num="166" count="7" type="stmt"/>
        <line num="167" count="7" type="stmt"/>
        <line num="169" count="7" type="stmt"/>
        <line num="170" count="7" type="stmt"/>
        <line num="171" count="7" type="stmt"/>
        <line num="172" count="7" type="stmt"/>
        <line num="173" count="7" type="stmt"/>
        <line num="174" count="7" type="stmt"/>
        <line num="176" count="7" type="stmt"/>
        <line num="177" count="7" type="stmt"/>
        <line num="178" count="7" type="stmt"/>
        <line num="179" count="7" type="stmt"/>
        <line num="180" count="7" type="stmt"/>
        <line num="181" count="7" type="stmt"/>
        <line num="182" count="7" type="stmt"/>
        <line num="183" count="7" type="stmt"/>
        <line num="184" count="7" type="stmt"/>
        <line num="185" count="7" type="stmt"/>
        <line num="186" count="7" type="stmt"/>
        <line num="187" count="7" type="stmt"/>
        <line num="188" count="7" type="stmt"/>
        <line num="189" count="7" type="stmt"/>
        <line num="190" count="7" type="stmt"/>
        <line num="191" count="7" type="stmt"/>
        <line num="192" count="7" type="stmt"/>
        <line num="194" count="7" type="stmt"/>
        <line num="196" count="1" type="stmt"/>
      </file>
      <file name="MainSidebar.tsx" path="C:\Users\ACER\Desktop\jaspay\src\components\MainSidebar.tsx">
        <metrics statements="110" coveredstatements="110" conditionals="1" coveredconditionals="1" methods="1" coveredmethods="1"/>
        <line num="1" count="1" type="stmt"/>
        <line num="2" count="1" type="stmt"/>
        <line num="4" count="1" type="cond" truecount="1" falsecount="0"/>
        <line num="5" count="2" type="stmt"/>
        <line num="6" count="2" type="stmt"/>
        <line num="7" count="2" type="stmt"/>
        <line num="8" count="2" type="stmt"/>
        <line num="9" count="2" type="stmt"/>
        <line num="10" count="2" type="stmt"/>
        <line num="12" count="2" type="stmt"/>
        <line num="13" count="2" type="stmt"/>
        <line num="14" count="2" type="stmt"/>
        <line num="15" count="2" type="stmt"/>
        <line num="16" count="2" type="stmt"/>
        <line num="17" count="2" type="stmt"/>
        <line num="19" count="2" type="stmt"/>
        <line num="20" count="2" type="stmt"/>
        <line num="22" count="2" type="stmt"/>
        <line num="23" count="2" type="stmt"/>
        <line num="24" count="2" type="stmt"/>
        <line num="25" count="2" type="stmt"/>
        <line num="26" count="2" type="stmt"/>
        <line num="27" count="2" type="stmt"/>
        <line num="28" count="2" type="stmt"/>
        <line num="29" count="2" type="stmt"/>
        <line num="31" count="2" type="stmt"/>
        <line num="32" count="2" type="stmt"/>
        <line num="33" count="2" type="stmt"/>
        <line num="34" count="2" type="stmt"/>
        <line num="35" count="2" type="stmt"/>
        <line num="36" count="2" type="stmt"/>
        <line num="37" count="2" type="stmt"/>
        <line num="38" count="2" type="stmt"/>
        <line num="39" count="2" type="stmt"/>
        <line num="41" count="2" type="stmt"/>
        <line num="42" count="2" type="stmt"/>
        <line num="43" count="2" type="stmt"/>
        <line num="44" count="2" type="stmt"/>
        <line num="45" count="2" type="stmt"/>
        <line num="46" count="2" type="stmt"/>
        <line num="48" count="2" type="stmt"/>
        <line num="49" count="2" type="stmt"/>
        <line num="50" count="2" type="stmt"/>
        <line num="51" count="2" type="stmt"/>
        <line num="52" count="2" type="stmt"/>
        <line num="53" count="2" type="stmt"/>
        <line num="54" count="2" type="stmt"/>
        <line num="55" count="2" type="stmt"/>
        <line num="56" count="2" type="stmt"/>
        <line num="57" count="2" type="stmt"/>
        <line num="58" count="2" type="stmt"/>
        <line num="59" count="2" type="stmt"/>
        <line num="60" count="2" type="stmt"/>
        <line num="61" count="2" type="stmt"/>
        <line num="62" count="2" type="stmt"/>
        <line num="63" count="2" type="stmt"/>
        <line num="64" count="2" type="stmt"/>
        <line num="65" count="2" type="stmt"/>
        <line num="66" count="2" type="stmt"/>
        <line num="67" count="2" type="stmt"/>
        <line num="68" count="2" type="stmt"/>
        <line num="69" count="2" type="stmt"/>
        <line num="70" count="2" type="stmt"/>
        <line num="71" count="2" type="stmt"/>
        <line num="72" count="2" type="stmt"/>
        <line num="73" count="2" type="stmt"/>
        <line num="74" count="2" type="stmt"/>
        <line num="75" count="2" type="stmt"/>
        <line num="77" count="2" type="stmt"/>
        <line num="78" count="2" type="stmt"/>
        <line num="79" count="2" type="stmt"/>
        <line num="80" count="2" type="stmt"/>
        <line num="81" count="2" type="stmt"/>
        <line num="82" count="2" type="stmt"/>
        <line num="83" count="2" type="stmt"/>
        <line num="84" count="2" type="stmt"/>
        <line num="85" count="2" type="stmt"/>
        <line num="86" count="2" type="stmt"/>
        <line num="87" count="2" type="stmt"/>
        <line num="88" count="2" type="stmt"/>
        <line num="89" count="2" type="stmt"/>
        <line num="90" count="2" type="stmt"/>
        <line num="91" count="2" type="stmt"/>
        <line num="92" count="2" type="stmt"/>
        <line num="93" count="2" type="stmt"/>
        <line num="94" count="2" type="stmt"/>
        <line num="95" count="2" type="stmt"/>
        <line num="96" count="2" type="stmt"/>
        <line num="97" count="2" type="stmt"/>
        <line num="98" count="2" type="stmt"/>
        <line num="99" count="2" type="stmt"/>
        <line num="100" count="2" type="stmt"/>
        <line num="101" count="2" type="stmt"/>
        <line num="102" count="2" type="stmt"/>
        <line num="103" count="2" type="stmt"/>
        <line num="104" count="2" type="stmt"/>
        <line num="105" count="2" type="stmt"/>
        <line num="106" count="2" type="stmt"/>
        <line num="107" count="2" type="stmt"/>
        <line num="108" count="2" type="stmt"/>
        <line num="109" count="2" type="stmt"/>
        <line num="110" count="2" type="stmt"/>
        <line num="111" count="2" type="stmt"/>
        <line num="112" count="2" type="stmt"/>
        <line num="113" count="2" type="stmt"/>
        <line num="114" count="2" type="stmt"/>
        <line num="115" count="2" type="stmt"/>
        <line num="116" count="2" type="stmt"/>
        <line num="118" count="2" type="stmt"/>
        <line num="120" count="1" type="stmt"/>
      </file>
      <file name="NotificationCard.tsx" path="C:\Users\ACER\Desktop\jaspay\src\components\NotificationCard.tsx">
        <metrics statements="28" coveredstatements="28" conditionals="3" coveredconditionals="3" methods="1" coveredmethods="1"/>
        <line num="8" count="1" type="cond" truecount="1" falsecount="0"/>
        <line num="9" count="2" type="stmt"/>
        <line num="10" count="2" type="stmt"/>
        <line num="11" count="2" type="stmt"/>
        <line num="12" count="2" type="stmt"/>
        <line num="13" count="2" type="stmt"/>
        <line num="14" count="2" type="stmt"/>
        <line num="15" count="2" type="stmt"/>
        <line num="16" count="2" type="stmt"/>
        <line num="17" count="2" type="stmt"/>
        <line num="18" count="2" type="stmt"/>
        <line num="19" count="2" type="cond" truecount="1" falsecount="0"/>
        <line num="20" count="1" type="cond" truecount="1" falsecount="0"/>
        <line num="21" count="1" type="stmt"/>
        <line num="22" count="2" type="stmt"/>
        <line num="24" count="2" type="stmt"/>
        <line num="25" count="2" type="stmt"/>
        <line num="26" count="2" type="stmt"/>
        <line num="27" count="2" type="stmt"/>
        <line num="28" count="2" type="stmt"/>
        <line num="29" count="2" type="stmt"/>
        <line num="30" count="2" type="stmt"/>
        <line num="31" count="2" type="stmt"/>
        <line num="32" count="2" type="stmt"/>
        <line num="33" count="2" type="stmt"/>
        <line num="34" count="2" type="stmt"/>
        <line num="36" count="2" type="stmt"/>
        <line num="38" count="1" type="stmt"/>
      </file>
      <file name="NotificationSidebar.tsx" path="C:\Users\ACER\Desktop\jaspay\src\components\NotificationSidebar.tsx">
        <metrics statements="88" coveredstatements="88" conditionals="1" coveredconditionals="1" methods="1" coveredmethods="1"/>
        <line num="1" count="1" type="stmt"/>
        <line num="2" count="1" type="stmt"/>
        <line num="3" count="1" type="stmt"/>
        <line num="5" count="1" type="cond" truecount="1" falsecount="0"/>
        <line num="6" count="4" type="stmt"/>
        <line num="7" count="4" type="stmt"/>
        <line num="8" count="4" type="stmt"/>
        <line num="9" count="4" type="stmt"/>
        <line num="11" count="4" type="stmt"/>
        <line num="12" count="4" type="stmt"/>
        <line num="13" count="4" type="stmt"/>
        <line num="14" count="4" type="stmt"/>
        <line num="15" count="4" type="stmt"/>
        <line num="16" count="4" type="stmt"/>
        <line num="17" count="4" type="stmt"/>
        <line num="18" count="4" type="stmt"/>
        <line num="19" count="4" type="stmt"/>
        <line num="20" count="4" type="stmt"/>
        <line num="21" count="4" type="stmt"/>
        <line num="22" count="4" type="stmt"/>
        <line num="23" count="4" type="stmt"/>
        <line num="24" count="4" type="stmt"/>
        <line num="25" count="4" type="stmt"/>
        <line num="26" count="4" type="stmt"/>
        <line num="27" count="4" type="stmt"/>
        <line num="28" count="4" type="stmt"/>
        <line num="29" count="4" type="stmt"/>
        <line num="30" count="4" type="stmt"/>
        <line num="31" count="4" type="stmt"/>
        <line num="32" count="4" type="stmt"/>
        <line num="33" count="4" type="stmt"/>
        <line num="34" count="4" type="stmt"/>
        <line num="35" count="4" type="stmt"/>
        <line num="36" count="4" type="stmt"/>
        <line num="37" count="4" type="stmt"/>
        <line num="38" count="4" type="stmt"/>
        <line num="39" count="4" type="stmt"/>
        <line num="40" count="4" type="stmt"/>
        <line num="41" count="4" type="stmt"/>
        <line num="42" count="4" type="stmt"/>
        <line num="44" count="4" type="stmt"/>
        <line num="45" count="4" type="stmt"/>
        <line num="46" count="4" type="stmt"/>
        <line num="47" count="4" type="stmt"/>
        <line num="48" count="4" type="stmt"/>
        <line num="49" count="4" type="stmt"/>
        <line num="50" count="4" type="stmt"/>
        <line num="51" count="4" type="stmt"/>
        <line num="52" count="4" type="stmt"/>
        <line num="53" count="4" type="stmt"/>
        <line num="54" count="4" type="stmt"/>
        <line num="55" count="4" type="stmt"/>
        <line num="56" count="4" type="stmt"/>
        <line num="57" count="4" type="stmt"/>
        <line num="58" count="4" type="stmt"/>
        <line num="59" count="4" type="stmt"/>
        <line num="60" count="4" type="stmt"/>
        <line num="61" count="4" type="stmt"/>
        <line num="62" count="4" type="stmt"/>
        <line num="63" count="4" type="stmt"/>
        <line num="64" count="4" type="stmt"/>
        <line num="65" count="4" type="stmt"/>
        <line num="66" count="4" type="stmt"/>
        <line num="67" count="4" type="stmt"/>
        <line num="68" count="4" type="stmt"/>
        <line num="69" count="4" type="stmt"/>
        <line num="70" count="4" type="stmt"/>
        <line num="71" count="4" type="stmt"/>
        <line num="72" count="4" type="stmt"/>
        <line num="73" count="4" type="stmt"/>
        <line num="74" count="4" type="stmt"/>
        <line num="75" count="4" type="stmt"/>
        <line num="76" count="4" type="stmt"/>
        <line num="77" count="4" type="stmt"/>
        <line num="78" count="4" type="stmt"/>
        <line num="79" count="4" type="stmt"/>
        <line num="80" count="4" type="stmt"/>
        <line num="82" count="4" type="stmt"/>
        <line num="83" count="4" type="stmt"/>
        <line num="84" count="4" type="stmt"/>
        <line num="85" count="4" type="stmt"/>
        <line num="86" count="4" type="stmt"/>
        <line num="87" count="4" type="stmt"/>
        <line num="88" count="4" type="stmt"/>
        <line num="89" count="4" type="stmt"/>
        <line num="90" count="4" type="stmt"/>
        <line num="92" count="4" type="stmt"/>
        <line num="94" count="1" type="stmt"/>
      </file>
      <file name="Pagination.tsx" path="C:\Users\ACER\Desktop\jaspay\src\components\Pagination.tsx">
        <metrics statements="28" coveredstatements="28" conditionals="5" coveredconditionals="5" methods="1" coveredmethods="1"/>
        <line num="1" count="1" type="stmt"/>
        <line num="3" count="1" type="cond" truecount="1" falsecount="0"/>
        <line num="4" count="4" type="stmt"/>
        <line num="5" count="4" type="stmt"/>
        <line num="6" count="4" type="stmt"/>
        <line num="7" count="4" type="stmt"/>
        <line num="8" count="4" type="cond" truecount="1" falsecount="0"/>
        <line num="9" count="2" type="cond" truecount="1" falsecount="0"/>
        <line num="11" count="2" type="stmt"/>
        <line num="13" count="4" type="stmt"/>
        <line num="14" count="4" type="stmt"/>
        <line num="16" count="4" type="stmt"/>
        <line num="17" count="4" type="stmt"/>
        <line num="19" count="4" type="stmt"/>
        <line num="20" count="4" type="stmt"/>
        <line num="22" count="4" type="stmt"/>
        <line num="23" count="4" type="stmt"/>
        <line num="25" count="4" type="stmt"/>
        <line num="26" count="4" type="stmt"/>
        <line num="28" count="4" type="stmt"/>
        <line num="29" count="4" type="stmt"/>
        <line num="30" count="4" type="cond" truecount="1" falsecount="0"/>
        <line num="31" count="2" type="cond" truecount="1" falsecount="0"/>
        <line num="33" count="2" type="stmt"/>
        <line num="35" count="4" type="stmt"/>
        <line num="36" count="4" type="stmt"/>
        <line num="38" count="4" type="stmt"/>
        <line num="40" count="1" type="stmt"/>
      </file>
      <file name="PiechartStatCard.tsx" path="C:\Users\ACER\Desktop\jaspay\src\components\PiechartStatCard.tsx">
        <metrics statements="18" coveredstatements="18" conditionals="1" coveredconditionals="1" methods="1" coveredmethods="1"/>
        <line num="6" count="1" type="cond" truecount="1" falsecount="0"/>
        <line num="7" count="9" type="stmt"/>
        <line num="8" count="9" type="stmt"/>
        <line num="9" count="9" type="stmt"/>
        <line num="10" count="9" type="stmt"/>
        <line num="11" count="9" type="stmt"/>
        <line num="12" count="9" type="stmt"/>
        <line num="13" count="9" type="stmt"/>
        <line num="14" count="9" type="stmt"/>
        <line num="15" count="9" type="stmt"/>
        <line num="16" count="9" type="stmt"/>
        <line num="17" count="9" type="stmt"/>
        <line num="18" count="9" type="stmt"/>
        <line num="19" count="9" type="stmt"/>
        <line num="20" count="9" type="stmt"/>
        <line num="21" count="9" type="stmt"/>
        <line num="23" count="9" type="stmt"/>
        <line num="25" count="1" type="stmt"/>
      </file>
      <file name="SellingProductsTable.tsx" path="C:\Users\ACER\Desktop\jaspay\src\components\SellingProductsTable.tsx">
        <metrics statements="39" coveredstatements="39" conditionals="2" coveredconditionals="2" methods="1" coveredmethods="1"/>
        <line num="1" count="1" type="stmt"/>
        <line num="3" count="1" type="cond" truecount="1" falsecount="0"/>
        <line num="4" count="4" type="stmt"/>
        <line num="5" count="4" type="stmt"/>
        <line num="6" count="4" type="stmt"/>
        <line num="7" count="4" type="stmt"/>
        <line num="8" count="4" type="stmt"/>
        <line num="9" count="4" type="stmt"/>
        <line num="11" count="4" type="stmt"/>
        <line num="12" count="4" type="stmt"/>
        <line num="14" count="4" type="stmt"/>
        <line num="15" count="4" type="stmt"/>
        <line num="17" count="4" type="stmt"/>
        <line num="18" count="4" type="stmt"/>
        <line num="20" count="4" type="stmt"/>
        <line num="21" count="4" type="stmt"/>
        <line num="22" count="4" type="stmt"/>
        <line num="23" count="4" type="stmt"/>
        <line num="24" count="4" type="cond" truecount="1" falsecount="0"/>
        <line num="25" count="20" type="stmt"/>
        <line num="26" count="20" type="stmt"/>
        <line num="27" count="20" type="stmt"/>
        <line num="28" count="20" type="stmt"/>
        <line num="29" count="20" type="stmt"/>
        <line num="30" count="20" type="stmt"/>
        <line num="31" count="20" type="stmt"/>
        <line num="32" count="20" type="stmt"/>
        <line num="33" count="20" type="stmt"/>
        <line num="34" count="20" type="stmt"/>
        <line num="35" count="20" type="stmt"/>
        <line num="36" count="20" type="stmt"/>
        <line num="37" count="20" type="stmt"/>
        <line num="38" count="20" type="stmt"/>
        <line num="39" count="4" type="stmt"/>
        <line num="40" count="4" type="stmt"/>
        <line num="41" count="4" type="stmt"/>
        <line num="42" count="4" type="stmt"/>
        <line num="44" count="4" type="stmt"/>
        <line num="46" count="1" type="stmt"/>
      </file>
      <file name="StackBarChart.tsx" path="C:\Users\ACER\Desktop\jaspay\src\components\StackBarChart.tsx">
        <metrics statements="169" coveredstatements="169" conditionals="24" coveredconditionals="24" methods="7" coveredmethods="7"/>
        <line num="1" count="1" type="stmt"/>
        <line num="10" count="1" type="stmt"/>
        <line num="24" count="1" type="stmt"/>
        <line num="25" count="1" type="stmt"/>
        <line num="26" count="1" type="stmt"/>
        <line num="27" count="1" type="stmt"/>
        <line num="28" count="1" type="stmt"/>
        <line num="29" count="1" type="stmt"/>
        <line num="30" count="1" type="stmt"/>
        <line num="31" count="1" type="stmt"/>
        <line num="32" count="1" type="stmt"/>
        <line num="33" count="1" type="stmt"/>
        <line num="34" count="1" type="stmt"/>
        <line num="35" count="1" type="stmt"/>
        <line num="36" count="1" type="stmt"/>
        <line num="37" count="1" type="stmt"/>
        <line num="38" count="1" type="stmt"/>
        <line num="39" count="1" type="stmt"/>
        <line num="40" count="1" type="stmt"/>
        <line num="41" count="1" type="stmt"/>
        <line num="42" count="1" type="stmt"/>
        <line num="43" count="1" type="stmt"/>
        <line num="44" count="1" type="stmt"/>
        <line num="45" count="1" type="stmt"/>
        <line num="46" count="1" type="stmt"/>
        <line num="47" count="1" type="stmt"/>
        <line num="48" count="1" type="stmt"/>
        <line num="49" count="1" type="stmt"/>
        <line num="50" count="1" type="stmt"/>
        <line num="51" count="1" type="stmt"/>
        <line num="52" count="1" type="stmt"/>
        <line num="53" count="1" type="stmt"/>
        <line num="54" count="1" type="stmt"/>
        <line num="55" count="1" type="stmt"/>
        <line num="57" count="1" type="cond" truecount="1" falsecount="0"/>
        <line num="58" count="6" type="stmt"/>
        <line num="59" count="6" type="stmt"/>
        <line num="60" count="6" type="stmt"/>
        <line num="61" count="6" type="stmt"/>
        <line num="62" count="6" type="stmt"/>
        <line num="67" count="6" type="stmt"/>
        <line num="68" count="6" type="stmt"/>
        <line num="69" count="6" type="stmt"/>
        <line num="70" count="6" type="stmt"/>
        <line num="71" count="6" type="stmt"/>
        <line num="72" count="6" type="stmt"/>
        <line num="73" count="6" type="stmt"/>
        <line num="74" count="6" type="stmt"/>
        <line num="75" count="6" type="stmt"/>
        <line num="76" count="6" type="cond" truecount="2" falsecount="0"/>
        <line num="79" count="6" type="stmt"/>
        <line num="80" count="6" type="stmt"/>
        <line num="82" count="6" type="stmt"/>
        <line num="84" count="1" type="cond" truecount="1" falsecount="0"/>
        <line num="85" count="6" type="stmt"/>
        <line num="86" count="6" type="stmt"/>
        <line num="87" count="6" type="stmt"/>
        <line num="88" count="6" type="stmt"/>
        <line num="89" count="6" type="stmt"/>
        <line num="94" count="6" type="stmt"/>
        <line num="95" count="6" type="stmt"/>
        <line num="96" count="6" type="stmt"/>
        <line num="97" count="6" type="stmt"/>
        <line num="98" count="6" type="stmt"/>
        <line num="99" count="6" type="stmt"/>
        <line num="100" count="6" type="stmt"/>
        <line num="101" count="6" type="stmt"/>
        <line num="102" count="6" type="stmt"/>
        <line num="103" count="6" type="cond" truecount="2" falsecount="0"/>
        <line num="106" count="6" type="cond" truecount="2" falsecount="0"/>
        <line num="107" count="6" type="stmt"/>
        <line num="109" count="6" type="stmt"/>
        <line num="111" count="1" type="cond" truecount="1" falsecount="0"/>
        <line num="112" count="8" type="stmt"/>
        <line num="113" count="8" type="stmt"/>
        <line num="114" count="8" type="stmt"/>
        <line num="115" count="8" type="stmt"/>
        <line num="116" count="8" type="stmt"/>
        <line num="117" count="8" type="cond" truecount="4" falsecount="0"/>
        <line num="118" count="5" type="stmt"/>
        <line num="119" count="5" type="stmt"/>
        <line num="120" count="5" type="stmt"/>
        <line num="121" count="5" type="stmt"/>
        <line num="122" count="5" type="stmt"/>
        <line num="123" count="5" type="stmt"/>
        <line num="124" count="5" type="stmt"/>
        <line num="125" count="5" type="stmt"/>
        <line num="126" count="5" type="stmt"/>
        <line num="127" count="5" type="stmt"/>
        <line num="128" count="5" type="stmt"/>
        <line num="129" count="5" type="cond" truecount="2" falsecount="0"/>
        <line num="130" count="5" type="stmt"/>
        <line num="131" count="5" type="stmt"/>
        <line num="132" count="5" type="stmt"/>
        <line num="134" count="5" type="stmt"/>
        <line num="135" count="5" type="stmt"/>
        <line num="136" count="5" type="stmt"/>
        <line num="137" count="5" type="stmt"/>
        <line num="138" count="5" type="stmt"/>
        <line num="139" count="5" type="stmt"/>
        <line num="140" count="5" type="stmt"/>
        <line num="141" count="5" type="stmt"/>
        <line num="142" count="5" type="stmt"/>
        <line num="143" count="5" type="stmt"/>
        <line num="145" count="5" type="cond" truecount="1" falsecount="0"/>
        <line num="146" count="3" type="stmt"/>
        <line num="147" count="3" type="stmt"/>
        <line num="149" count="1" type="cond" truecount="1" falsecount="0"/>
        <line num="150" count="7" type="stmt"/>
        <line num="151" count="7" type="stmt"/>
        <line num="152" count="7" type="stmt"/>
        <line num="153" count="7" type="stmt"/>
        <line num="154" count="7" type="stmt"/>
        <line num="155" count="7" type="stmt"/>
        <line num="156" count="7" type="stmt"/>
        <line num="157" count="7" type="stmt"/>
        <line num="158" count="7" type="stmt"/>
        <line num="159" count="7" type="stmt"/>
        <line num="160" count="7" type="stmt"/>
        <line num="161" count="7" type="stmt"/>
        <line num="163" count="7" type="stmt"/>
        <line num="164" count="7" type="stmt"/>
        <line num="165" count="7" type="stmt"/>
        <line num="166" count="7" type="stmt"/>
        <line num="167" count="7" type="cond" truecount="1" falsecount="0"/>
        <line num="168" count="3" type="cond" truecount="1" falsecount="0"/>
        <line num="169" count="4" type="stmt"/>
        <line num="171" count="7" type="stmt"/>
        <line num="172" count="7" type="stmt"/>
        <line num="173" count="7" type="stmt"/>
        <line num="174" count="7" type="stmt"/>
        <line num="175" count="7" type="stmt"/>
        <line num="176" count="7" type="stmt"/>
        <line num="177" count="7" type="cond" truecount="1" falsecount="0"/>
        <line num="178" count="3" type="cond" truecount="1" falsecount="0"/>
        <line num="179" count="4" type="stmt"/>
        <line num="181" count="7" type="cond" truecount="1" falsecount="0"/>
        <line num="182" count="7" type="stmt"/>
        <line num="183" count="7" type="stmt"/>
        <line num="184" count="7" type="stmt"/>
        <line num="185" count="7" type="stmt"/>
        <line num="186" count="7" type="stmt"/>
        <line num="187" count="7" type="stmt"/>
        <line num="188" count="7" type="stmt"/>
        <line num="189" count="7" type="cond" truecount="1" falsecount="0"/>
        <line num="190" count="7" type="stmt"/>
        <line num="191" count="7" type="stmt"/>
        <line num="192" count="7" type="stmt"/>
        <line num="193" count="7" type="cond" truecount="1" falsecount="0"/>
        <line num="194" count="4" type="stmt"/>
        <line num="196" count="7" type="stmt"/>
        <line num="197" count="7" type="stmt"/>
        <line num="198" count="7" type="stmt"/>
        <line num="199" count="7" type="stmt"/>
        <line num="200" count="7" type="stmt"/>
        <line num="201" count="7" type="stmt"/>
        <line num="202" count="7" type="stmt"/>
        <line num="203" count="7" type="stmt"/>
        <line num="204" count="7" type="stmt"/>
        <line num="205" count="7" type="stmt"/>
        <line num="206" count="7" type="stmt"/>
        <line num="207" count="7" type="stmt"/>
        <line num="208" count="7" type="stmt"/>
        <line num="209" count="7" type="stmt"/>
        <line num="210" count="7" type="stmt"/>
        <line num="211" count="7" type="stmt"/>
        <line num="212" count="7" type="stmt"/>
        <line num="214" count="7" type="stmt"/>
        <line num="217" count="1" type="stmt"/>
      </file>
      <file name="StatsCard.tsx" path="C:\Users\ACER\Desktop\jaspay\src\components\StatsCard.tsx">
        <metrics statements="56" coveredstatements="56" conditionals="18" coveredconditionals="18" methods="1" coveredmethods="1"/>
        <line num="1" count="1" type="stmt"/>
        <line num="11" count="1" type="stmt"/>
        <line num="14" count="1" type="stmt"/>
        <line num="15" count="1" type="stmt"/>
        <line num="16" count="1" type="stmt"/>
        <line num="17" count="1" type="stmt"/>
        <line num="18" count="1" type="stmt"/>
        <line num="20" count="1" type="cond" truecount="1" falsecount="0"/>
        <line num="21" count="15" type="stmt"/>
        <line num="22" count="15" type="stmt"/>
        <line num="23" count="15" type="stmt"/>
        <line num="24" count="15" type="stmt"/>
        <line num="25" count="15" type="stmt"/>
        <line num="26" count="15" type="stmt"/>
        <line num="27" count="15" type="stmt"/>
        <line num="28" count="15" type="stmt"/>
        <line num="30" count="15" type="stmt"/>
        <line num="31" count="15" type="cond" truecount="2" falsecount="0"/>
        <line num="32" count="3" type="cond" truecount="1" falsecount="0"/>
        <line num="33" count="12" type="stmt"/>
        <line num="35" count="15" type="stmt"/>
        <line num="36" count="15" type="cond" truecount="2" falsecount="0"/>
        <line num="37" count="2" type="cond" truecount="1" falsecount="0"/>
        <line num="38" count="1" type="cond" truecount="1" falsecount="0"/>
        <line num="39" count="1" type="cond" truecount="1" falsecount="0"/>
        <line num="40" count="13" type="cond" truecount="2" falsecount="0"/>
        <line num="41" count="3" type="cond" truecount="1" falsecount="0"/>
        <line num="42" count="1" type="cond" truecount="1" falsecount="0"/>
        <line num="43" count="2" type="cond" truecount="1" falsecount="0"/>
        <line num="44" count="10" type="cond" truecount="1" falsecount="0"/>
        <line num="45" count="8" type="cond" truecount="1" falsecount="0"/>
        <line num="46" count="2" type="stmt"/>
        <line num="48" count="15" type="stmt"/>
        <line num="49" count="15" type="stmt"/>
        <line num="50" count="15" type="stmt"/>
        <line num="51" count="15" type="stmt"/>
        <line num="52" count="15" type="stmt"/>
        <line num="53" count="15" type="cond" truecount="2" falsecount="0"/>
        <line num="54" count="15" type="stmt"/>
        <line num="56" count="15" type="stmt"/>
        <line num="57" count="15" type="stmt"/>
        <line num="58" count="15" type="stmt"/>
        <line num="59" count="15" type="stmt"/>
        <line num="60" count="15" type="stmt"/>
        <line num="61" count="15" type="stmt"/>
        <line num="62" count="15" type="stmt"/>
        <line num="63" count="15" type="stmt"/>
        <line num="64" count="15" type="stmt"/>
        <line num="65" count="15" type="stmt"/>
        <line num="66" count="15" type="stmt"/>
        <line num="67" count="15" type="stmt"/>
        <line num="68" count="15" type="stmt"/>
        <line num="69" count="15" type="stmt"/>
        <line num="70" count="15" type="stmt"/>
        <line num="72" count="15" type="stmt"/>
        <line num="74" count="1" type="stmt"/>
      </file>
      <file name="StatusBadge.tsx" path="C:\Users\ACER\Desktop\jaspay\src\components\StatusBadge.tsx">
        <metrics statements="49" coveredstatements="49" conditionals="12" coveredconditionals="12" methods="2" coveredmethods="2"/>
        <line num="1" count="1" type="stmt"/>
        <line num="7" count="1" type="cond" truecount="1" falsecount="0"/>
        <line num="8" count="27" type="stmt"/>
        <line num="9" count="27" type="cond" truecount="1" falsecount="0"/>
        <line num="10" count="27" type="stmt"/>
        <line num="11" count="27" type="cond" truecount="1" falsecount="0"/>
        <line num="12" count="5" type="stmt"/>
        <line num="13" count="5" type="stmt"/>
        <line num="14" count="5" type="stmt"/>
        <line num="15" count="5" type="stmt"/>
        <line num="16" count="27" type="cond" truecount="1" falsecount="0"/>
        <line num="17" count="5" type="stmt"/>
        <line num="18" count="5" type="stmt"/>
        <line num="19" count="5" type="stmt"/>
        <line num="20" count="5" type="stmt"/>
        <line num="21" count="27" type="cond" truecount="1" falsecount="0"/>
        <line num="22" count="5" type="stmt"/>
        <line num="23" count="5" type="stmt"/>
        <line num="24" count="5" type="stmt"/>
        <line num="25" count="5" type="stmt"/>
        <line num="26" count="27" type="cond" truecount="1" falsecount="0"/>
        <line num="27" count="5" type="stmt"/>
        <line num="28" count="5" type="stmt"/>
        <line num="29" count="5" type="stmt"/>
        <line num="30" count="5" type="stmt"/>
        <line num="31" count="27" type="cond" truecount="1" falsecount="0"/>
        <line num="32" count="6" type="stmt"/>
        <line num="33" count="6" type="cond" truecount="2" falsecount="0"/>
        <line num="34" count="6" type="cond" truecount="2" falsecount="0"/>
        <line num="35" count="6" type="stmt"/>
        <line num="36" count="27" type="cond" truecount="1" falsecount="0"/>
        <line num="37" count="1" type="stmt"/>
        <line num="38" count="1" type="stmt"/>
        <line num="39" count="1" type="stmt"/>
        <line num="40" count="1" type="stmt"/>
        <line num="41" count="27" type="stmt"/>
        <line num="42" count="27" type="stmt"/>
        <line num="44" count="27" type="stmt"/>
        <line num="46" count="27" type="stmt"/>
        <line num="47" count="27" type="stmt"/>
        <line num="48" count="27" type="stmt"/>
        <line num="49" count="27" type="stmt"/>
        <line num="50" count="27" type="stmt"/>
        <line num="51" count="27" type="stmt"/>
        <line num="52" count="27" type="stmt"/>
        <line num="53" count="27" type="stmt"/>
        <line num="54" count="27" type="stmt"/>
        <line num="56" count="27" type="stmt"/>
        <line num="58" count="1" type="stmt"/>
      </file>
    </package>
    <package name="pages">
      <metrics statements="316" coveredstatements="316" conditionals="19" coveredconditionals="19" methods="2" coveredmethods="2"/>
      <file name="Home.tsx" path="C:\Users\ACER\Desktop\jaspay\src\pages\Home.tsx">
        <metrics statements="142" coveredstatements="142" conditionals="3" coveredconditionals="3" methods="1" coveredmethods="1"/>
        <line num="1" count="1" type="stmt"/>
        <line num="2" count="1" type="stmt"/>
        <line num="4" count="1" type="stmt"/>
        <line num="5" count="1" type="stmt"/>
        <line num="6" count="1" type="stmt"/>
        <line num="7" count="1" type="stmt"/>
        <line num="8" count="1" type="stmt"/>
        <line num="9" count="1" type="stmt"/>
        <line num="10" count="1" type="stmt"/>
        <line num="11" count="1" type="stmt"/>
        <line num="13" count="1" type="cond" truecount="1" falsecount="0"/>
        <line num="14" count="2" type="stmt"/>
        <line num="15" count="2" type="stmt"/>
        <line num="16" count="2" type="stmt"/>
        <line num="17" count="2" type="stmt"/>
        <line num="18" count="2" type="stmt"/>
        <line num="20" count="2" type="stmt"/>
        <line num="21" count="2" type="stmt"/>
        <line num="22" count="2" type="stmt"/>
        <line num="23" count="2" type="stmt"/>
        <line num="24" count="2" type="stmt"/>
        <line num="25" count="2" type="stmt"/>
        <line num="26" count="2" type="stmt"/>
        <line num="27" count="2" type="stmt"/>
        <line num="28" count="2" type="stmt"/>
        <line num="29" count="2" type="stmt"/>
        <line num="30" count="2" type="stmt"/>
        <line num="31" count="2" type="stmt"/>
        <line num="32" count="2" type="stmt"/>
        <line num="33" count="2" type="stmt"/>
        <line num="34" count="2" type="stmt"/>
        <line num="35" count="2" type="stmt"/>
        <line num="36" count="2" type="stmt"/>
        <line num="37" count="2" type="stmt"/>
        <line num="38" count="2" type="stmt"/>
        <line num="39" count="2" type="stmt"/>
        <line num="40" count="2" type="stmt"/>
        <line num="41" count="2" type="stmt"/>
        <line num="42" count="2" type="stmt"/>
        <line num="43" count="2" type="stmt"/>
        <line num="44" count="2" type="stmt"/>
        <line num="45" count="2" type="stmt"/>
        <line num="46" count="2" type="stmt"/>
        <line num="47" count="2" type="stmt"/>
        <line num="48" count="2" type="stmt"/>
        <line num="49" count="2" type="stmt"/>
        <line num="50" count="2" type="stmt"/>
        <line num="51" count="2" type="stmt"/>
        <line num="52" count="2" type="stmt"/>
        <line num="53" count="2" type="stmt"/>
        <line num="54" count="2" type="stmt"/>
        <line num="55" count="2" type="stmt"/>
        <line num="57" count="2" type="stmt"/>
        <line num="58" count="2" type="stmt"/>
        <line num="59" count="2" type="stmt"/>
        <line num="60" count="2" type="stmt"/>
        <line num="61" count="2" type="stmt"/>
        <line num="62" count="2" type="stmt"/>
        <line num="63" count="2" type="stmt"/>
        <line num="64" count="2" type="stmt"/>
        <line num="65" count="2" type="stmt"/>
        <line num="66" count="2" type="stmt"/>
        <line num="67" count="2" type="stmt"/>
        <line num="68" count="2" type="stmt"/>
        <line num="70" count="2" type="stmt"/>
        <line num="71" count="2" type="stmt"/>
        <line num="73" count="2" type="stmt"/>
        <line num="74" count="2" type="stmt"/>
        <line num="75" count="2" type="stmt"/>
        <line num="76" count="2" type="stmt"/>
        <line num="77" count="2" type="stmt"/>
        <line num="78" count="2" type="stmt"/>
        <line num="79" count="2" type="stmt"/>
        <line num="80" count="2" type="stmt"/>
        <line num="81" count="2" type="stmt"/>
        <line num="82" count="2" type="stmt"/>
        <line num="83" count="2" type="stmt"/>
        <line num="84" count="2" type="stmt"/>
        <line num="85" count="2" type="stmt"/>
        <line num="86" count="2" type="stmt"/>
        <line num="87" count="2" type="stmt"/>
        <line num="88" count="2" type="stmt"/>
        <line num="89" count="2" type="stmt"/>
        <line num="90" count="2" type="stmt"/>
        <line num="91" count="2" type="stmt"/>
        <line num="92" count="2" type="stmt"/>
        <line num="94" count="2" type="stmt"/>
        <line num="95" count="2" type="cond" truecount="1" falsecount="0"/>
        <line num="96" count="1" type="cond" truecount="1" falsecount="0"/>
        <line num="98" count="1" type="stmt"/>
        <line num="100" count="2" type="stmt"/>
        <line num="101" count="2" type="stmt"/>
        <line num="102" count="2" type="stmt"/>
        <line num="103" count="2" type="stmt"/>
        <line num="104" count="2" type="stmt"/>
        <line num="105" count="2" type="stmt"/>
        <line num="106" count="2" type="stmt"/>
        <line num="107" count="2" type="stmt"/>
        <line num="108" count="2" type="stmt"/>
        <line num="109" count="2" type="stmt"/>
        <line num="110" count="2" type="stmt"/>
        <line num="112" count="2" type="stmt"/>
        <line num="113" count="2" type="stmt"/>
        <line num="114" count="2" type="stmt"/>
        <line num="115" count="2" type="stmt"/>
        <line num="116" count="2" type="stmt"/>
        <line num="117" count="2" type="stmt"/>
        <line num="118" count="2" type="stmt"/>
        <line num="120" count="2" type="stmt"/>
        <line num="121" count="2" type="stmt"/>
        <line num="122" count="2" type="stmt"/>
        <line num="123" count="2" type="stmt"/>
        <line num="124" count="2" type="stmt"/>
        <line num="125" count="2" type="stmt"/>
        <line num="126" count="2" type="stmt"/>
        <line num="127" count="2" type="stmt"/>
        <line num="128" count="2" type="stmt"/>
        <line num="129" count="2" type="stmt"/>
        <line num="130" count="2" type="stmt"/>
        <line num="131" count="2" type="stmt"/>
        <line num="132" count="2" type="stmt"/>
        <line num="133" count="2" type="stmt"/>
        <line num="134" count="2" type="stmt"/>
        <line num="135" count="2" type="stmt"/>
        <line num="136" count="2" type="stmt"/>
        <line num="137" count="2" type="stmt"/>
        <line num="138" count="2" type="stmt"/>
        <line num="139" count="2" type="stmt"/>
        <line num="140" count="2" type="stmt"/>
        <line num="141" count="2" type="stmt"/>
        <line num="142" count="2" type="stmt"/>
        <line num="143" count="2" type="stmt"/>
        <line num="144" count="2" type="stmt"/>
        <line num="145" count="2" type="stmt"/>
        <line num="146" count="2" type="stmt"/>
        <line num="147" count="2" type="stmt"/>
        <line num="148" count="2" type="stmt"/>
        <line num="149" count="2" type="stmt"/>
        <line num="150" count="2" type="stmt"/>
        <line num="151" count="2" type="stmt"/>
        <line num="153" count="2" type="stmt"/>
        <line num="155" count="1" type="stmt"/>
      </file>
      <file name="Orders.tsx" path="C:\Users\ACER\Desktop\jaspay\src\pages\Orders.tsx">
        <metrics statements="174" coveredstatements="174" conditionals="16" coveredconditionals="16" methods="1" coveredmethods="1"/>
        <line num="1" count="1" type="stmt"/>
        <line num="2" count="1" type="stmt"/>
        <line num="3" count="1" type="stmt"/>
        <line num="4" count="1" type="stmt"/>
        <line num="5" count="1" type="stmt"/>
        <line num="6" count="1" type="stmt"/>
        <line num="8" count="1" type="cond" truecount="1" falsecount="0"/>
        <line num="9" count="2" type="stmt"/>
        <line num="10" count="2" type="stmt"/>
        <line num="11" count="2" type="stmt"/>
        <line num="12" count="2" type="stmt"/>
        <line num="13" count="2" type="stmt"/>
        <line num="15" count="2" type="stmt"/>
        <line num="16" count="2" type="stmt"/>
        <line num="17" count="2" type="stmt"/>
        <line num="18" count="2" type="stmt"/>
        <line num="19" count="2" type="stmt"/>
        <line num="20" count="2" type="cond" truecount="1" falsecount="0"/>
        <line num="21" count="1" type="stmt"/>
        <line num="22" count="1" type="stmt"/>
        <line num="23" count="1" type="stmt"/>
        <line num="24" count="1" type="stmt"/>
        <line num="25" count="1" type="cond" truecount="1" falsecount="0"/>
        <line num="27" count="1" type="stmt"/>
        <line num="28" count="1" type="stmt"/>
        <line num="29" count="1" type="stmt"/>
        <line num="30" count="1" type="stmt"/>
        <line num="31" count="1" type="stmt"/>
        <line num="33" count="2" type="stmt"/>
        <line num="34" count="2" type="stmt"/>
        <line num="35" count="2" type="cond" truecount="1" falsecount="0"/>
        <line num="36" count="1" type="stmt"/>
        <line num="37" count="1" type="stmt"/>
        <line num="38" count="1" type="stmt"/>
        <line num="39" count="1" type="stmt"/>
        <line num="40" count="1" type="cond" truecount="1" falsecount="0"/>
        <line num="42" count="1" type="stmt"/>
        <line num="43" count="1" type="stmt"/>
        <line num="44" count="1" type="stmt"/>
        <line num="45" count="1" type="stmt"/>
        <line num="46" count="1" type="stmt"/>
        <line num="48" count="2" type="stmt"/>
        <line num="49" count="2" type="stmt"/>
        <line num="50" count="2" type="cond" truecount="1" falsecount="0"/>
        <line num="51" count="1" type="stmt"/>
        <line num="52" count="1" type="stmt"/>
        <line num="53" count="1" type="stmt"/>
        <line num="54" count="1" type="stmt"/>
        <line num="55" count="1" type="cond" truecount="1" falsecount="0"/>
        <line num="57" count="1" type="stmt"/>
        <line num="58" count="1" type="stmt"/>
        <line num="59" count="1" type="stmt"/>
        <line num="60" count="1" type="stmt"/>
        <line num="61" count="1" type="stmt"/>
        <line num="63" count="2" type="stmt"/>
        <line num="64" count="2" type="stmt"/>
        <line num="65" count="2" type="stmt"/>
        <line num="66" count="2" type="stmt"/>
        <line num="67" count="2" type="cond" truecount="1" falsecount="0"/>
        <line num="68" count="1" type="stmt"/>
        <line num="69" count="1" type="stmt"/>
        <line num="70" count="1" type="stmt"/>
        <line num="71" count="2" type="cond" truecount="1" falsecount="0"/>
        <line num="72" count="1" type="stmt"/>
        <line num="73" count="1" type="stmt"/>
        <line num="74" count="1" type="stmt"/>
        <line num="75" count="1" type="stmt"/>
        <line num="77" count="2" type="stmt"/>
        <line num="78" count="2" type="stmt"/>
        <line num="79" count="2" type="stmt"/>
        <line num="80" count="2" type="stmt"/>
        <line num="81" count="2" type="stmt"/>
        <line num="82" count="2" type="stmt"/>
        <line num="83" count="2" type="stmt"/>
        <line num="84" count="2" type="stmt"/>
        <line num="85" count="2" type="stmt"/>
        <line num="86" count="2" type="stmt"/>
        <line num="87" count="2" type="stmt"/>
        <line num="88" count="2" type="stmt"/>
        <line num="89" count="2" type="stmt"/>
        <line num="90" count="2" type="stmt"/>
        <line num="91" count="2" type="stmt"/>
        <line num="92" count="2" type="stmt"/>
        <line num="94" count="2" type="stmt"/>
        <line num="95" count="2" type="stmt"/>
        <line num="97" count="2" type="stmt"/>
        <line num="98" count="2" type="stmt"/>
        <line num="100" count="2" type="stmt"/>
        <line num="101" count="2" type="stmt"/>
        <line num="103" count="2" type="stmt"/>
        <line num="104" count="2" type="stmt"/>
        <line num="106" count="2" type="stmt"/>
        <line num="107" count="2" type="stmt"/>
        <line num="109" count="2" type="stmt"/>
        <line num="110" count="2" type="stmt"/>
        <line num="111" count="2" type="stmt"/>
        <line num="112" count="2" type="stmt"/>
        <line num="113" count="2" type="stmt"/>
        <line num="114" count="2" type="cond" truecount="1" falsecount="0"/>
        <line num="115" count="20" type="stmt"/>
        <line num="116" count="20" type="stmt"/>
        <line num="117" count="20" type="stmt"/>
        <line num="119" count="20" type="stmt"/>
        <line num="120" count="20" type="cond" truecount="1" falsecount="0"/>
        <line num="121" count="4" type="stmt"/>
        <line num="123" count="20" type="stmt"/>
        <line num="124" count="20" type="stmt"/>
        <line num="125" count="20" type="stmt"/>
        <line num="126" count="20" type="stmt"/>
        <line num="127" count="20" type="stmt"/>
        <line num="128" count="20" type="stmt"/>
        <line num="129" count="20" type="stmt"/>
        <line num="130" count="20" type="stmt"/>
        <line num="131" count="20" type="stmt"/>
        <line num="132" count="20" type="stmt"/>
        <line num="133" count="20" type="stmt"/>
        <line num="134" count="20" type="stmt"/>
        <line num="135" count="20" type="stmt"/>
        <line num="136" count="20" type="stmt"/>
        <line num="137" count="20" type="stmt"/>
        <line num="138" count="20" type="stmt"/>
        <line num="139" count="20" type="stmt"/>
        <line num="140" count="20" type="stmt"/>
        <line num="141" count="20" type="stmt"/>
        <line num="142" count="20" type="stmt"/>
        <line num="143" count="20" type="stmt"/>
        <line num="144" count="20" type="stmt"/>
        <line num="145" count="20" type="stmt"/>
        <line num="146" count="20" type="stmt"/>
        <line num="147" count="20" type="cond" truecount="1" falsecount="0"/>
        <line num="148" count="10" type="stmt"/>
        <line num="149" count="10" type="stmt"/>
        <line num="150" count="10" type="stmt"/>
        <line num="151" count="20" type="cond" truecount="1" falsecount="0"/>
        <line num="152" count="10" type="stmt"/>
        <line num="153" count="10" type="stmt"/>
        <line num="154" count="10" type="stmt"/>
        <line num="155" count="10" type="stmt"/>
        <line num="157" count="20" type="stmt"/>
        <line num="158" count="20" type="stmt"/>
        <line num="159" count="20" type="stmt"/>
        <line num="160" count="20" type="stmt"/>
        <line num="161" count="20" type="stmt"/>
        <line num="162" count="20" type="stmt"/>
        <line num="163" count="20" type="stmt"/>
        <line num="164" count="20" type="stmt"/>
        <line num="165" count="20" type="stmt"/>
        <line num="166" count="20" type="cond" truecount="1" falsecount="0"/>
        <line num="167" count="2" type="stmt"/>
        <line num="168" count="2" type="cond" truecount="1" falsecount="0"/>
        <line num="169" count="1" type="stmt"/>
        <line num="170" count="1" type="stmt"/>
        <line num="171" count="1" type="stmt"/>
        <line num="172" count="2" type="cond" truecount="1" falsecount="0"/>
        <line num="173" count="1" type="stmt"/>
        <line num="174" count="1" type="stmt"/>
        <line num="175" count="1" type="stmt"/>
        <line num="176" count="1" type="stmt"/>
        <line num="178" count="2" type="stmt"/>
        <line num="180" count="20" type="stmt"/>
        <line num="181" count="20" type="stmt"/>
        <line num="182" count="2" type="stmt"/>
        <line num="183" count="2" type="stmt"/>
        <line num="184" count="2" type="stmt"/>
        <line num="185" count="2" type="stmt"/>
        <line num="186" count="2" type="stmt"/>
        <line num="187" count="2" type="stmt"/>
        <line num="188" count="2" type="stmt"/>
        <line num="189" count="2" type="stmt"/>
        <line num="190" count="2" type="stmt"/>
        <line num="191" count="2" type="stmt"/>
        <line num="192" count="2" type="stmt"/>
        <line num="194" count="2" type="stmt"/>
        <line num="196" count="1" type="stmt"/>
      </file>
    </package>
  </project>
</coverage>
